  Main.cpp
d:\computer graphics-project\includes\learnopengl\shader.h(65): warning C4101: 'infoLog': unreferenced local variable
d:\computer graphics-project\includes\learnopengl\shader.h(64): warning C4101: 'success': unreferenced local variable
d:\computer graphics-project\1st-prototype\1st-prototype\classes\windows\glfwwindow.h(42): warning C4244: 'argument': conversion from 'float' to 'int', possible loss of data
d:\computer graphics-project\1st-prototype\1st-prototype\classes\windows\glfwwindow.h(123): warning C4244: 'initializing': conversion from 'double' to 'float', possible loss of data
d:\computer graphics-project\1st-prototype\1st-prototype\classes\windows\glfwwindow.h(142): warning C4244: '=': conversion from 'double' to 'float', possible loss of data
d:\computer graphics-project\1st-prototype\1st-prototype\classes\windows\glfwwindow.h(143): warning C4244: '=': conversion from 'double' to 'float', possible loss of data
d:\computer graphics-project\1st-prototype\1st-prototype\classes\windows\glfwwindow.h(147): warning C4244: 'initializing': conversion from 'double' to 'float', possible loss of data
d:\computer graphics-project\1st-prototype\1st-prototype\classes\windows\glfwwindow.h(148): warning C4244: 'initializing': conversion from 'double' to 'float', possible loss of data
d:\computer graphics-project\1st-prototype\1st-prototype\classes\windows\glfwwindow.h(150): warning C4244: '=': conversion from 'double' to 'float', possible loss of data
d:\computer graphics-project\1st-prototype\1st-prototype\classes\windows\glfwwindow.h(151): warning C4244: '=': conversion from 'double' to 'float', possible loss of data
d:\computer graphics-project\1st-prototype\1st-prototype\classes\windows\glfwwindow.h(160): warning C4244: 'argument': conversion from 'double' to 'float', possible loss of data
d:\computer graphics-project\1st-prototype\1st-prototype\main.cpp(105): warning C4244: 'argument': conversion from 'const unsigned int' to 'float', possible loss of data
  SOIL.lib(stb_image_aug.obj) : MSIL .netmodule or module compiled with /GL found; restarting link with /LTCG; add /LTCG to the link command line to improve linker performance
LINK : warning LNK4075: ignoring '/INCREMENTAL' due to '/LTCG' specification
LINK : warning LNK4098: defaultlib 'MSVCRT' conflicts with use of other libs; use /NODEFAULTLIB:library
  Generating code
  Finished generating code
SOIL.lib(stb_image_aug.obj) : warning LNK4099: PDB 'vc110.pdb' was not found with 'SOIL.lib(stb_image_aug.obj)' or at 'D:\Computer Graphics-Project\1st-Prototype\Debug\vc110.pdb'; linking object as if no debug info
  1st-Prototype.vcxproj -> D:\Computer Graphics-Project\1st-Prototype\Debug\1st-Prototype.exe
  1st-Prototype.vcxproj -> D:\Computer Graphics-Project\1st-Prototype\Debug\1st-Prototype.pdb (Partial PDB)
